14:37:42 **** Rebuild of configuration Debug for project assignment2 ****
Info: Internal Builder is used for build
gcc -O0 -g3 -Wall -c -fmessage-length=0 -o main.o "..\\main.c" 
..\main.c:5:6: warning: return type of 'main' is not 'int' [-Wmain]
 void main(void) {
      ^~~~
gcc -o assignment2.exe main.o 
Info: Nothing to build for assignment2
14:38:29 **** Incremental Build of configuration Debug for project assignment2 ****
Info: Internal Builder is used for build
gcc -O0 -g3 -Wall -c -fmessage-length=0 -o main.o "..\\main.c" 
..\main.c:5:6: warning: return type of 'main' is not 'int' [-Wmain]
 void main(void) {
      ^~~~
gcc -o assignment2.exe main.o 
Info: Nothing to build for assignment2
14:39:23 **** Incremental Build of configuration Debug for project assignment2 ****
Info: Internal Builder is used for build
gcc -O0 -g3 -Wall -c -fmessage-length=0 -o main.o "..\\main.c" 
gcc -o assignment2.exe main.o 
Info: Nothing to build for assignment2
Info: Nothing to build for assignment2
Info: Nothing to build for assignment2
14:42:14 **** Incremental Build of configuration Debug for project assignment2 ****
Info: Internal Builder is used for build
gcc -O0 -g3 -Wall -c -fmessage-length=0 -o main.o "..\\main.c" 
gcc -o assignment2.exe main.o 
c:/mingw/bin/../lib/gcc/mingw32/6.3.0/../../../../mingw32/bin/ld.exe: cannot open output file assignment2.exe: Permission denied
collect2.exe: error: ld returned 1 exit status
14:42:21 **** Incremental Build of configuration Debug for project assignment2 ****
Info: Internal Builder is used for build
gcc -o assignment2.exe main.o 
23:40:34 **** Incremental Build of configuration Debug for project assignment2 ****
Info: Internal Builder is used for build
gcc -O0 -g3 -Wall -c -fmessage-length=0 -o main.o "..\\main.c" 
..\main.c: In function 'main':
..\main.c:7:8: warning: left-hand operand of comma expression has no effect [-Wunused-value]
   if(1 ,2)
        ^
gcc -o assignment2.exe main.o 
Info: Nothing to build for assignment2
23:40:54 **** Incremental Build of configuration Debug for project assignment2 ****
Info: Internal Builder is used for build
gcc -O0 -g3 -Wall -c -fmessage-length=0 -o main.o "..\\main.c" 
..\main.c: In function 'main':
..\main.c:7:8: warning: left-hand operand of comma expression has no effect [-Wunused-value]
   if(1 ,0)
        ^
gcc -o assignment2.exe main.o 
Info: Nothing to build for assignment2
23:41:09 **** Incremental Build of configuration Debug for project assignment2 ****
Info: Internal Builder is used for build
gcc -O0 -g3 -Wall -c -fmessage-length=0 -o main.o "..\\main.c" 
..\main.c: In function 'main':
..\main.c:7:8: warning: left-hand operand of comma expression has no effect [-Wunused-value]
   if(1 ,0)
        ^
gcc -o assignment2.exe main.o 
Info: Nothing to build for assignment2
23:43:56 **** Incremental Build of configuration Debug for project assignment2 ****
Info: Internal Builder is used for build
gcc -O0 -g3 -Wall -c -fmessage-length=0 -o main.o "..\\main.c" 
..\main.c: In function 'main':
..\main.c:9:2: warning: implicit declaration of function 'swtich' [-Wimplicit-function-declaration]
  swtich (x)
  ^~~~~~
..\main.c:10:2: error: expected ';' before '{' token
  {
  ^
..\main.c:8:6: warning: unused variable 'y' [-Wunused-variable]
  int y =2;
      ^
23:44:21 **** Incremental Build of configuration Debug for project assignment2 ****
Info: Internal Builder is used for build
gcc -O0 -g3 -Wall -c -fmessage-length=0 -o main.o "..\\main.c" 
..\main.c: In function 'main':
..\main.c:11:3: error: case label does not reduce to an integer constant
   case y: printf("we can");
   ^~~~
..\main.c:8:6: warning: variable 'y' set but not used [-Wunused-but-set-variable]
  int y =2;
      ^
23:44:22 **** Incremental Build of configuration Debug for project assignment2 ****
Info: Internal Builder is used for build
gcc -O0 -g3 -Wall -c -fmessage-length=0 -o main.o "..\\main.c" 
..\main.c: In function 'main':
..\main.c:11:3: error: case label does not reduce to an integer constant
   case y: printf("we can");
   ^~~~
..\main.c:8:6: warning: variable 'y' set but not used [-Wunused-but-set-variable]
  int y =2;
      ^
23:44:36 **** Incremental Build of configuration Debug for project assignment2 ****
Info: Internal Builder is used for build
gcc -O0 -g3 -Wall -c -fmessage-length=0 -o main.o "..\\main.c" 
..\main.c: In function 'main':
..\main.c:11:3: error: case label does not reduce to an integer constant
   case y: printf("we can");
   ^~~~
..\main.c:8:6: warning: variable 'y' set but not used [-Wunused-but-set-variable]
  int y =2;
      ^
23:46:21 **** Incremental Build of configuration Debug for project assignment2 ****
Info: Internal Builder is used for build
gcc -O0 -g3 -Wall -c -fmessage-length=0 -o main.o "..\\main.c" 
..\main.c: In function 'main':
..\main.c:8:6: warning: unused variable 'y' [-Wunused-variable]
  int y =2;
      ^
gcc -o assignment2.exe main.o 
Info: Nothing to build for assignment2
23:48:29 **** Incremental Build of configuration Debug for project assignment2 ****
Info: Internal Builder is used for build
gcc -O0 -g3 -Wall -c -fmessage-length=0 -o main.o "..\\main.c" 
..\main.c: In function 'main':
..\main.c:12:3: error: duplicate case value
   case 3:printf("we can again");
   ^~~~
..\main.c:11:3: error: previously used here
   case 2+1: printf("we can");
   ^~~~
..\main.c:8:6: warning: unused variable 'y' [-Wunused-variable]
  int y =2;
      ^
23:48:40 **** Incremental Build of configuration Debug for project assignment2 ****
Info: Internal Builder is used for build
gcc -O0 -g3 -Wall -c -fmessage-length=0 -o main.o "..\\main.c" 
..\main.c: In function 'main':
..\main.c:8:6: warning: unused variable 'y' [-Wunused-variable]
  int y =2;
      ^
gcc -o assignment2.exe main.o 
Info: Nothing to build for assignment2
23:55:34 **** Incremental Build of configuration Debug for project assignment2 ****
Info: Internal Builder is used for build
gcc -O0 -g3 -Wall -c -fmessage-length=0 -o main.o "..\\main.c" 
..\main.c: In function 'main':
..\main.c:8:14: warning: missing terminating ' character
 printf("wi");'
              ^
..\main.c:8:14: error: missing terminating ' character
23:55:39 **** Incremental Build of configuration Debug for project assignment2 ****
Info: Internal Builder is used for build
gcc -O0 -g3 -Wall -c -fmessage-length=0 -o main.o "..\\main.c" 
gcc -o assignment2.exe main.o 
Info: Nothing to build for assignment2
23:56:06 **** Incremental Build of configuration Debug for project assignment2 ****
Info: Internal Builder is used for build
gcc -O0 -g3 -Wall -c -fmessage-length=0 -o main.o "..\\main.c" 
gcc -o assignment2.exe main.o 
Info: Nothing to build for assignment2
23:57:53 **** Incremental Build of configuration Debug for project assignment2 ****
Info: Internal Builder is used for build
gcc -O0 -g3 -Wall -c -fmessage-length=0 -o main.o "..\\main.c" 
gcc -o assignment2.exe main.o 
Info: Nothing to build for assignment2
00:00:37 **** Incremental Build of configuration Debug for project assignment2 ****
Info: Internal Builder is used for build
gcc -O0 -g3 -Wall -c -fmessage-length=0 -o main.o "..\\main.c" 
..\main.c: In function 'main':
..\main.c:8:6: warning: right-hand operand of comma expression has no effect [-Wunused-value]
 i=j=3,4;
      ^
gcc -o assignment2.exe main.o 
Info: Nothing to build for assignment2
00:03:40 **** Incremental Build of configuration Debug for project assignment2 ****
Info: Internal Builder is used for build
gcc -O0 -g3 -Wall -c -fmessage-length=0 -o main.o "..\\main.c" 
..\main.c: In function 'main':
..\main.c:7:27: error: 'i' undeclared (first use in this function)
 for (unsigned char x =5 ; i!=0;i-- )
                           ^
..\main.c:7:27: note: each undeclared identifier is reported only once for each function it appears in
..\main.c:7:20: warning: unused variable 'x' [-Wunused-variable]
 for (unsigned char x =5 ; i!=0;i-- )
                    ^
..\main.c:10:17: error: 'j' undeclared (first use in this function)
 printf("%d%d",i,j);
                 ^
00:03:44 **** Incremental Build of configuration Debug for project assignment2 ****
Info: Internal Builder is used for build
gcc -O0 -g3 -Wall -c -fmessage-length=0 -o main.o "..\\main.c" 
..\main.c: In function 'main':
..\main.c:7:27: error: 'i' undeclared (first use in this function)
 for (unsigned char x =5 ; i!=0;i-- )
                           ^
..\main.c:7:27: note: each undeclared identifier is reported only once for each function it appears in
..\main.c:7:20: warning: unused variable 'x' [-Wunused-variable]
 for (unsigned char x =5 ; i!=0;i-- )
                    ^
00:03:55 **** Incremental Build of configuration Debug for project assignment2 ****
Info: Internal Builder is used for build
gcc -O0 -g3 -Wall -c -fmessage-length=0 -o main.o "..\\main.c" 
gcc -o assignment2.exe main.o 
Info: Nothing to build for assignment2
00:04:36 **** Incremental Build of configuration Debug for project assignment2 ****
Info: Internal Builder is used for build
gcc -O0 -g3 -Wall -c -fmessage-length=0 -o main.o "..\\main.c" 
gcc -o assignment2.exe main.o 
Info: Nothing to build for assignment2
Info: Nothing to build for assignment2
Info: Nothing to build for assignment2
Info: Nothing to build for assignment2
Info: Nothing to build for assignment2
00:05:10 **** Incremental Build of configuration Debug for project assignment2 ****
Info: Internal Builder is used for build
gcc -O0 -g3 -Wall -c -fmessage-length=0 -o main.o "..\\main.c" 
gcc -o assignment2.exe main.o 
Info: Nothing to build for assignment2
00:08:09 **** Incremental Build of configuration Debug for project assignment2 ****
Info: Internal Builder is used for build
gcc -O0 -g3 -Wall -c -fmessage-length=0 -o main.o "..\\main.c" 
..\main.c: In function 'main':
..\main.c:8:8: error: switch quantity not an integer
 switch(i)
        ^
..\main.c:10:1: error: case label does not reduce to an integer constant
 case 1.0:printf("we can");
 ^~~~
..\main.c:7:8: warning: variable 'i' set but not used [-Wunused-but-set-variable]
  float i=1.0;
        ^
00:27:23 **** Incremental Build of configuration Debug for project assignment2 ****
Info: Internal Builder is used for build
gcc -O0 -g3 -Wall -c -fmessage-length=0 -o main.o "..\\main.c" 
gcc -o assignment2.exe main.o 
Info: Nothing to build for assignment2
Info: Nothing to build for assignment2
12:22:11 **** Rebuild of configuration Debug for project Homework1 ****
Info: Internal Builder is used for build
gcc -O0 -g3 -Wall -c -fmessage-length=0 -o main.o "..\\main.c" 
..\main.c: In function 'main':
..\main.c:13:10: warning: format '%d' expects argument of type 'int *', but argument 2 has type 'int' [-Wformat=]
  scanf("%d",x);
          ^
..\main.c:32:11: warning: format '%d' expects argument of type 'int *', but argument 2 has type 'int' [-Wformat=]
   scanf("%d",temp);
           ^
..\main.c:44:11: warning: format '%f' expects argument of type 'float *', but argument 2 has type 'double' [-Wformat=]
   scanf("%f %f",f1,f2);
           ^
..\main.c:44:14: warning: format '%f' expects argument of type 'float *', but argument 3 has type 'double' [-Wformat=]
   scanf("%f %f",f1,f2);
              ^
..\main.c:53:11: warning: format '%f' expects argument of type 'float *', but argument 2 has type 'double' [-Wformat=]
   scanf("%f %f",f1,f2);
           ^
..\main.c:53:14: warning: format '%f' expects argument of type 'float *', but argument 3 has type 'double' [-Wformat=]
   scanf("%f %f",f1,f2);
              ^
..\main.c:62:11: warning: format '%c' expects argument of type 'char *', but argument 2 has type 'int' [-Wformat=]
   scanf("%c",c);
           ^
..\main.c:73:11: warning: format '%f' expects argument of type 'float *', but argument 2 has type 'double' [-Wformat=]
   scanf("%f",f1);
           ^
..\main.c:77:11: warning: format '%f' expects argument of type 'float *', but argument 2 has type 'double' [-Wformat=]
   scanf("%f",f2);
           ^
..\main.c:82:39: warning: format '%d' expects argument of type 'int', but argument 2 has type 'double' [-Wformat=]
   printf("after swapping value of a =%d/n",f1);
                                       ^
..\main.c:83:39: warning: format '%d' expects argument of type 'int', but argument 2 has type 'double' [-Wformat=]
   printf("after swapping value of b =%d/n",f2);
                                       ^
..\main.c:91:11: warning: format '%f' expects argument of type 'float *', but argument 2 has type 'double' [-Wformat=]
   scanf("%f",f1);
           ^
..\main.c:95:11: warning: format '%f' expects argument of type 'float *', but argument 2 has type 'double' [-Wformat=]
   scanf("%f",f2);
           ^
..\main.c:100:39: warning: format '%d' expects argument of type 'int', but argument 2 has type 'double' [-Wformat=]
   printf("after swapping value of a =%d/n",f1);
                                       ^
..\main.c:101:39: warning: format '%d' expects argument of type 'int', but argument 2 has type 'double' [-Wformat=]
   printf("after swapping value of b =%d/n",f2);
                                       ^
..\main.c:107:3: warning: implicit declaration of function 'pritnf' [-Wimplicit-function-declaration]
   pritnf("enter a valid number");
   ^~~~~~
..\main.c:13:2: warning: 'x' is used uninitialized in this function [-Wuninitialized]
  scanf("%d",x);
  ^~~~~~~~~~~~~
..\main.c:32:3: warning: 'temp' may be used uninitialized in this function [-Wmaybe-uninitialized]
   scanf("%d",temp);
   ^~~~~~~~~~~~~~~~
..\main.c:44:3: warning: 'f2' may be used uninitialized in this function [-Wmaybe-uninitialized]
   scanf("%f %f",f1,f2);
   ^~~~~~~~~~~~~~~~~~~~
..\main.c:44:3: warning: 'f1' may be used uninitialized in this function [-Wmaybe-uninitialized]
..\main.c:62:3: warning: 'c' may be used uninitialized in this function [-Wmaybe-uninitialized]
   scanf("%c",c);
   ^~~~~~~~~~~~~
gcc -o Homework1.exe main.o 
main.o: In function `main':
C:\Users\mahmo\Downloads\KIROLOS_DIPLOMA\New folder\assignment2\Homework1\Debug/../main.c:107: undefined reference to `pritnf'
collect2.exe: error: ld returned 1 exit status
12:22:36 **** Incremental Build of configuration Debug for project Homework1 ****
Info: Internal Builder is used for build
gcc -O0 -g3 -Wall -c -fmessage-length=0 -o main.o "..\\main.c" 
..\main.c: In function 'main':
..\main.c:13:10: warning: format '%d' expects argument of type 'int *', but argument 2 has type 'int' [-Wformat=]
  scanf("%d",x);
          ^
..\main.c:32:11: warning: format '%d' expects argument of type 'int *', but argument 2 has type 'int' [-Wformat=]
   scanf("%d",temp);
           ^
..\main.c:44:11: warning: format '%f' expects argument of type 'float *', but argument 2 has type 'double' [-Wformat=]
   scanf("%f %f",f1,f2);
           ^
..\main.c:44:14: warning: format '%f' expects argument of type 'float *', but argument 3 has type 'double' [-Wformat=]
   scanf("%f %f",f1,f2);
              ^
..\main.c:53:11: warning: format '%f' expects argument of type 'float *', but argument 2 has type 'double' [-Wformat=]
   scanf("%f %f",f1,f2);
           ^
..\main.c:53:14: warning: format '%f' expects argument of type 'float *', but argument 3 has type 'double' [-Wformat=]
   scanf("%f %f",f1,f2);
              ^
..\main.c:62:11: warning: format '%c' expects argument of type 'char *', but argument 2 has type 'int' [-Wformat=]
   scanf("%c",c);
           ^
..\main.c:73:11: warning: format '%f' expects argument of type 'float *', but argument 2 has type 'double' [-Wformat=]
   scanf("%f",f1);
           ^
..\main.c:77:11: warning: format '%f' expects argument of type 'float *', but argument 2 has type 'double' [-Wformat=]
   scanf("%f",f2);
           ^
..\main.c:82:39: warning: format '%d' expects argument of type 'int', but argument 2 has type 'double' [-Wformat=]
   printf("after swapping value of a =%d/n",f1);
                                       ^
..\main.c:83:39: warning: format '%d' expects argument of type 'int', but argument 2 has type 'double' [-Wformat=]
   printf("after swapping value of b =%d/n",f2);
                                       ^
..\main.c:91:11: warning: format '%f' expects argument of type 'float *', but argument 2 has type 'double' [-Wformat=]
   scanf("%f",f1);
           ^
..\main.c:95:11: warning: format '%f' expects argument of type 'float *', but argument 2 has type 'double' [-Wformat=]
   scanf("%f",f2);
           ^
..\main.c:100:39: warning: format '%d' expects argument of type 'int', but argument 2 has type 'double' [-Wformat=]
   printf("after swapping value of a =%d/n",f1);
                                       ^
..\main.c:101:39: warning: format '%d' expects argument of type 'int', but argument 2 has type 'double' [-Wformat=]
   printf("after swapping value of b =%d/n",f2);
                                       ^
..\main.c:13:2: warning: 'x' is used uninitialized in this function [-Wuninitialized]
  scanf("%d",x);
  ^~~~~~~~~~~~~
..\main.c:32:3: warning: 'temp' may be used uninitialized in this function [-Wmaybe-uninitialized]
   scanf("%d",temp);
   ^~~~~~~~~~~~~~~~
..\main.c:44:3: warning: 'f2' may be used uninitialized in this function [-Wmaybe-uninitialized]
   scanf("%f %f",f1,f2);
   ^~~~~~~~~~~~~~~~~~~~
..\main.c:44:3: warning: 'f1' may be used uninitialized in this function [-Wmaybe-uninitialized]
..\main.c:62:3: warning: 'c' may be used uninitialized in this function [-Wmaybe-uninitialized]
   scanf("%c",c);
   ^~~~~~~~~~~~~
gcc -o Homework1.exe main.o 
Info: Nothing to build for Homework1
12:23:03 **** Incremental Build of configuration Debug for project Homework1 ****
Info: Internal Builder is used for build
gcc -O0 -g3 -Wall -c -fmessage-length=0 -o main.o "..\\main.c" 
..\main.c: In function 'main':
..\main.c:13:10: warning: format '%d' expects argument of type 'int *', but argument 2 has type 'int' [-Wformat=]
  scanf("%d",x);
          ^
..\main.c:32:11: warning: format '%d' expects argument of type 'int *', but argument 2 has type 'int' [-Wformat=]
   scanf("%d",temp);
           ^
..\main.c:44:11: warning: format '%f' expects argument of type 'float *', but argument 2 has type 'double' [-Wformat=]
   scanf("%f %f",f1,f2);
           ^
..\main.c:44:14: warning: format '%f' expects argument of type 'float *', but argument 3 has type 'double' [-Wformat=]
   scanf("%f %f",f1,f2);
              ^
..\main.c:53:11: warning: format '%f' expects argument of type 'float *', but argument 2 has type 'double' [-Wformat=]
   scanf("%f %f",f1,f2);
           ^
..\main.c:53:14: warning: format '%f' expects argument of type 'float *', but argument 3 has type 'double' [-Wformat=]
   scanf("%f %f",f1,f2);
              ^
..\main.c:62:11: warning: format '%c' expects argument of type 'char *', but argument 2 has type 'int' [-Wformat=]
   scanf("%c",c);
           ^
..\main.c:73:11: warning: format '%f' expects argument of type 'float *', but argument 2 has type 'double' [-Wformat=]
   scanf("%f",f1);
           ^
..\main.c:77:11: warning: format '%f' expects argument of type 'float *', but argument 2 has type 'double' [-Wformat=]
   scanf("%f",f2);
           ^
..\main.c:82:39: warning: format '%d' expects argument of type 'int', but argument 2 has type 'double' [-Wformat=]
   printf("after swapping value of a =%d/n",f1);
                                       ^
..\main.c:83:39: warning: format '%d' expects argument of type 'int', but argument 2 has type 'double' [-Wformat=]
   printf("after swapping value of b =%d/n",f2);
                                       ^
..\main.c:91:11: warning: format '%f' expects argument of type 'float *', but argument 2 has type 'double' [-Wformat=]
   scanf("%f",f1);
           ^
..\main.c:95:11: warning: format '%f' expects argument of type 'float *', but argument 2 has type 'double' [-Wformat=]
   scanf("%f",f2);
           ^
..\main.c:100:39: warning: format '%d' expects argument of type 'int', but argument 2 has type 'double' [-Wformat=]
   printf("after swapping value of a =%d/n",f1);
                                       ^
..\main.c:101:39: warning: format '%d' expects argument of type 'int', but argument 2 has type 'double' [-Wformat=]
   printf("after swapping value of b =%d/n",f2);
                                       ^
..\main.c:13:2: warning: 'x' is used uninitialized in this function [-Wuninitialized]
  scanf("%d",x);
  ^~~~~~~~~~~~~
..\main.c:32:3: warning: 'temp' may be used uninitialized in this function [-Wmaybe-uninitialized]
   scanf("%d",temp);
   ^~~~~~~~~~~~~~~~
..\main.c:44:3: warning: 'f2' may be used uninitialized in this function [-Wmaybe-uninitialized]
   scanf("%f %f",f1,f2);
   ^~~~~~~~~~~~~~~~~~~~
..\main.c:44:3: warning: 'f1' may be used uninitialized in this function [-Wmaybe-uninitialized]
..\main.c:62:3: warning: 'c' may be used uninitialized in this function [-Wmaybe-uninitialized]
   scanf("%c",c);
   ^~~~~~~~~~~~~
gcc -o Homework1.exe main.o 
Info: Nothing to build for Homework1
12:23:53 **** Incremental Build of configuration Debug for project Homework1 ****
Info: Internal Builder is used for build
gcc -O0 -g3 -Wall -c -fmessage-length=0 -o main.o "..\\main.c" 
..\main.c: In function 'main':
..\main.c:13:10: warning: format '%d' expects argument of type 'int *', but argument 2 has type 'int' [-Wformat=]
  scanf("%d",x);
          ^
..\main.c:32:11: warning: format '%d' expects argument of type 'int *', but argument 2 has type 'int' [-Wformat=]
   scanf("%d",temp);
           ^
..\main.c:44:11: warning: format '%f' expects argument of type 'float *', but argument 2 has type 'double' [-Wformat=]
   scanf("%f %f",f1,f2);
           ^
..\main.c:44:14: warning: format '%f' expects argument of type 'float *', but argument 3 has type 'double' [-Wformat=]
   scanf("%f %f",f1,f2);
              ^
..\main.c:53:11: warning: format '%f' expects argument of type 'float *', but argument 2 has type 'double' [-Wformat=]
   scanf("%f %f",f1,f2);
           ^
..\main.c:53:14: warning: format '%f' expects argument of type 'float *', but argument 3 has type 'double' [-Wformat=]
   scanf("%f %f",f1,f2);
              ^
..\main.c:62:11: warning: format '%c' expects argument of type 'char *', but argument 2 has type 'int' [-Wformat=]
   scanf("%c",c);
           ^
..\main.c:73:11: warning: format '%f' expects argument of type 'float *', but argument 2 has type 'double' [-Wformat=]
   scanf("%f",f1);
           ^
..\main.c:77:11: warning: format '%f' expects argument of type 'float *', but argument 2 has type 'double' [-Wformat=]
   scanf("%f",f2);
           ^
..\main.c:82:39: warning: format '%d' expects argument of type 'int', but argument 2 has type 'double' [-Wformat=]
   printf("after swapping value of a =%d\n",f1);
                                       ^
..\main.c:83:39: warning: format '%d' expects argument of type 'int', but argument 2 has type 'double' [-Wformat=]
   printf("after swapping value of b =%d\n",f2);
                                       ^
..\main.c:91:11: warning: format '%f' expects argument of type 'float *', but argument 2 has type 'double' [-Wformat=]
   scanf("%f",f1);
           ^
..\main.c:95:11: warning: format '%f' expects argument of type 'float *', but argument 2 has type 'double' [-Wformat=]
   scanf("%f",f2);
           ^
..\main.c:100:39: warning: format '%d' expects argument of type 'int', but argument 2 has type 'double' [-Wformat=]
   printf("after swapping value of a =%d\n",f1);
                                       ^
..\main.c:101:39: warning: format '%d' expects argument of type 'int', but argument 2 has type 'double' [-Wformat=]
   printf("after swapping value of b =%d\n",f2);
                                       ^
..\main.c:13:2: warning: 'x' is used uninitialized in this function [-Wuninitialized]
  scanf("%d",x);
  ^~~~~~~~~~~~~
..\main.c:32:3: warning: 'temp' may be used uninitialized in this function [-Wmaybe-uninitialized]
   scanf("%d",temp);
   ^~~~~~~~~~~~~~~~
..\main.c:44:3: warning: 'f2' may be used uninitialized in this function [-Wmaybe-uninitialized]
   scanf("%f %f",f1,f2);
   ^~~~~~~~~~~~~~~~~~~~
..\main.c:44:3: warning: 'f1' may be used uninitialized in this function [-Wmaybe-uninitialized]
..\main.c:62:3: warning: 'c' may be used uninitialized in this function [-Wmaybe-uninitialized]
   scanf("%c",c);
   ^~~~~~~~~~~~~
gcc -o Homework1.exe main.o 
12:24:40 **** Incremental Build of configuration Debug for project Homework1 ****
Info: Internal Builder is used for build
gcc -O0 -g3 -Wall -c -fmessage-length=0 -o main.o "..\\main.c" 
..\main.c: In function 'main':
..\main.c:13:10: warning: format '%d' expects argument of type 'int *', but argument 2 has type 'int' [-Wformat=]
  scanf("%d",x);
          ^
..\main.c:33:11: warning: format '%d' expects argument of type 'int *', but argument 2 has type 'int' [-Wformat=]
   scanf("%d",temp);
           ^
..\main.c:45:11: warning: format '%f' expects argument of type 'float *', but argument 2 has type 'double' [-Wformat=]
   scanf("%f %f",f1,f2);
           ^
..\main.c:45:14: warning: format '%f' expects argument of type 'float *', but argument 3 has type 'double' [-Wformat=]
   scanf("%f %f",f1,f2);
              ^
..\main.c:54:11: warning: format '%f' expects argument of type 'float *', but argument 2 has type 'double' [-Wformat=]
   scanf("%f %f",f1,f2);
           ^
..\main.c:54:14: warning: format '%f' expects argument of type 'float *', but argument 3 has type 'double' [-Wformat=]
   scanf("%f %f",f1,f2);
              ^
..\main.c:63:11: warning: format '%c' expects argument of type 'char *', but argument 2 has type 'int' [-Wformat=]
   scanf("%c",c);
           ^
..\main.c:74:11: warning: format '%f' expects argument of type 'float *', but argument 2 has type 'double' [-Wformat=]
   scanf("%f",f1);
           ^
..\main.c:78:11: warning: format '%f' expects argument of type 'float *', but argument 2 has type 'double' [-Wformat=]
   scanf("%f",f2);
           ^
..\main.c:83:39: warning: format '%d' expects argument of type 'int', but argument 2 has type 'double' [-Wformat=]
   printf("after swapping value of a =%d\n",f1);
                                       ^
..\main.c:84:39: warning: format '%d' expects argument of type 'int', but argument 2 has type 'double' [-Wformat=]
   printf("after swapping value of b =%d\n",f2);
                                       ^
..\main.c:92:11: warning: format '%f' expects argument of type 'float *', but argument 2 has type 'double' [-Wformat=]
   scanf("%f",f1);
           ^
..\main.c:96:11: warning: format '%f' expects argument of type 'float *', but argument 2 has type 'double' [-Wformat=]
   scanf("%f",f2);
           ^
..\main.c:101:39: warning: format '%d' expects argument of type 'int', but argument 2 has type 'double' [-Wformat=]
   printf("after swapping value of a =%d\n",f1);
                                       ^
..\main.c:102:39: warning: format '%d' expects argument of type 'int', but argument 2 has type 'double' [-Wformat=]
   printf("after swapping value of b =%d\n",f2);
                                       ^
..\main.c:13:2: warning: 'x' is used uninitialized in this function [-Wuninitialized]
  scanf("%d",x);
  ^~~~~~~~~~~~~
..\main.c:33:3: warning: 'temp' may be used uninitialized in this function [-Wmaybe-uninitialized]
   scanf("%d",temp);
   ^~~~~~~~~~~~~~~~
..\main.c:45:3: warning: 'f2' may be used uninitialized in this function [-Wmaybe-uninitialized]
   scanf("%f %f",f1,f2);
   ^~~~~~~~~~~~~~~~~~~~
..\main.c:45:3: warning: 'f1' may be used uninitialized in this function [-Wmaybe-uninitialized]
..\main.c:63:3: warning: 'c' may be used uninitialized in this function [-Wmaybe-uninitialized]
   scanf("%c",c);
   ^~~~~~~~~~~~~
gcc -o Homework1.exe main.o 
Info: Nothing to build for Homework1
Info: Nothing to build for Homework1
12:26:56 **** Incremental Build of configuration Debug for project Homework1 ****
Info: Internal Builder is used for build
gcc -O0 -g3 -Wall -c -fmessage-length=0 -o main.o "..\\main.c" 
..\main.c: In function 'main':
..\main.c:13:10: warning: format '%d' expects argument of type 'int *', but argument 2 has type 'int' [-Wformat=]
  scanf("%d",x);
          ^
..\main.c:33:11: warning: format '%d' expects argument of type 'int *', but argument 2 has type 'int' [-Wformat=]
   scanf("%d",temp);
           ^
..\main.c:45:11: warning: format '%f' expects argument of type 'float *', but argument 2 has type 'double' [-Wformat=]
   scanf("%f %f",f1,f2);
           ^
..\main.c:45:14: warning: format '%f' expects argument of type 'float *', but argument 3 has type 'double' [-Wformat=]
   scanf("%f %f",f1,f2);
              ^
..\main.c:54:11: warning: format '%f' expects argument of type 'float *', but argument 2 has type 'double' [-Wformat=]
   scanf("%f %f",f1,f2);
           ^
..\main.c:54:14: warning: format '%f' expects argument of type 'float *', but argument 3 has type 'double' [-Wformat=]
   scanf("%f %f",f1,f2);
              ^
..\main.c:63:11: warning: format '%c' expects argument of type 'char *', but argument 2 has type 'int' [-Wformat=]
   scanf("%c",c);
           ^
..\main.c:74:11: warning: format '%f' expects argument of type 'float *', but argument 2 has type 'double' [-Wformat=]
   scanf("%f",f1);
           ^
..\main.c:78:11: warning: format '%f' expects argument of type 'float *', but argument 2 has type 'double' [-Wformat=]
   scanf("%f",f2);
           ^
..\main.c:83:39: warning: format '%d' expects argument of type 'int', but argument 2 has type 'double' [-Wformat=]
   printf("after swapping value of a =%d\n",f1);
                                       ^
..\main.c:84:39: warning: format '%d' expects argument of type 'int', but argument 2 has type 'double' [-Wformat=]
   printf("after swapping value of b =%d\n",f2);
                                       ^
..\main.c:92:11: warning: format '%f' expects argument of type 'float *', but argument 2 has type 'double' [-Wformat=]
   scanf("%f",f1);
           ^
..\main.c:96:11: warning: format '%f' expects argument of type 'float *', but argument 2 has type 'double' [-Wformat=]
   scanf("%f",f2);
           ^
..\main.c:101:39: warning: format '%d' expects argument of type 'int', but argument 2 has type 'double' [-Wformat=]
   printf("after swapping value of a =%d\n",f1);
                                       ^
..\main.c:102:39: warning: format '%d' expects argument of type 'int', but argument 2 has type 'double' [-Wformat=]
   printf("after swapping value of b =%d\n",f2);
                                       ^
..\main.c:13:2: warning: 'x' is used uninitialized in this function [-Wuninitialized]
  scanf("%d",x);
  ^~~~~~~~~~~~~
..\main.c:33:3: warning: 'temp' may be used uninitialized in this function [-Wmaybe-uninitialized]
   scanf("%d",temp);
   ^~~~~~~~~~~~~~~~
..\main.c:45:3: warning: 'f2' may be used uninitialized in this function [-Wmaybe-uninitialized]
   scanf("%f %f",f1,f2);
   ^~~~~~~~~~~~~~~~~~~~
..\main.c:45:3: warning: 'f1' may be used uninitialized in this function [-Wmaybe-uninitialized]
..\main.c:63:3: warning: 'c' may be used uninitialized in this function [-Wmaybe-uninitialized]
   scanf("%c",c);
   ^~~~~~~~~~~~~
gcc -o Homework1.exe main.o 
c:/mingw/bin/../lib/gcc/mingw32/6.3.0/../../../../mingw32/bin/ld.exe: cannot open output file Homework1.exe: Permission denied
collect2.exe: error: ld returned 1 exit status
12:27:03 **** Incremental Build of configuration Debug for project Homework1 ****
Info: Internal Builder is used for build
gcc -o Homework1.exe main.o 
Info: Nothing to build for Homework1
12:29:06 **** Incremental Build of configuration Debug for project Homework1 ****
Info: Internal Builder is used for build
gcc -O0 -g3 -Wall -c -fmessage-length=0 -o main.o "..\\main.c" 
..\main.c: In function 'main':
..\main.c:13:10: warning: format '%d' expects argument of type 'int *', but argument 2 has type 'int' [-Wformat=]
  scanf("%d",x);
          ^
..\main.c:33:11: warning: format '%d' expects argument of type 'int *', but argument 2 has type 'int' [-Wformat=]
   scanf("%d",temp);
           ^
..\main.c:45:11: warning: format '%f' expects argument of type 'float *', but argument 2 has type 'double' [-Wformat=]
   scanf("%f %f",f1,f2);
           ^
..\main.c:45:14: warning: format '%f' expects argument of type 'float *', but argument 3 has type 'double' [-Wformat=]
   scanf("%f %f",f1,f2);
              ^
..\main.c:54:11: warning: format '%f' expects argument of type 'float *', but argument 2 has type 'double' [-Wformat=]
   scanf("%f %f",f1,f2);
           ^
..\main.c:54:14: warning: format '%f' expects argument of type 'float *', but argument 3 has type 'double' [-Wformat=]
   scanf("%f %f",f1,f2);
              ^
..\main.c:63:11: warning: format '%c' expects argument of type 'char *', but argument 2 has type 'int' [-Wformat=]
   scanf("%c",c);
           ^
..\main.c:74:11: warning: format '%f' expects argument of type 'float *', but argument 2 has type 'double' [-Wformat=]
   scanf("%f",f1);
           ^
..\main.c:78:11: warning: format '%f' expects argument of type 'float *', but argument 2 has type 'double' [-Wformat=]
   scanf("%f",f2);
           ^
..\main.c:83:39: warning: format '%d' expects argument of type 'int', but argument 2 has type 'double' [-Wformat=]
   printf("after swapping value of a =%d\n",f1);
                                       ^
..\main.c:84:39: warning: format '%d' expects argument of type 'int', but argument 2 has type 'double' [-Wformat=]
   printf("after swapping value of b =%d\n",f2);
                                       ^
..\main.c:92:11: warning: format '%f' expects argument of type 'float *', but argument 2 has type 'double' [-Wformat=]
   scanf("%f",f1);
           ^
..\main.c:96:11: warning: format '%f' expects argument of type 'float *', but argument 2 has type 'double' [-Wformat=]
   scanf("%f",f2);
           ^
..\main.c:101:39: warning: format '%d' expects argument of type 'int', but argument 2 has type 'double' [-Wformat=]
   printf("after swapping value of a =%d\n",f1);
                                       ^
..\main.c:102:39: warning: format '%d' expects argument of type 'int', but argument 2 has type 'double' [-Wformat=]
   printf("after swapping value of b =%d\n",f2);
                                       ^
..\main.c:13:2: warning: 'x' is used uninitialized in this function [-Wuninitialized]
  scanf("%d",x);
  ^~~~~~~~~~~~~
..\main.c:33:3: warning: 'temp' may be used uninitialized in this function [-Wmaybe-uninitialized]
   scanf("%d",temp);
   ^~~~~~~~~~~~~~~~
..\main.c:45:3: warning: 'f2' may be used uninitialized in this function [-Wmaybe-uninitialized]
   scanf("%f %f",f1,f2);
   ^~~~~~~~~~~~~~~~~~~~
..\main.c:45:3: warning: 'f1' may be used uninitialized in this function [-Wmaybe-uninitialized]
..\main.c:63:3: warning: 'c' may be used uninitialized in this function [-Wmaybe-uninitialized]
   scanf("%c",c);
   ^~~~~~~~~~~~~
gcc -o Homework1.exe main.o 
12:30:33 **** Incremental Build of configuration Debug for project Homework1 ****
Info: Internal Builder is used for build
gcc -O0 -g3 -Wall -c -fmessage-length=0 -o main.o "..\\main.c" 
..\main.c: In function 'main':
..\main.c:83:39: warning: format '%d' expects argument of type 'int', but argument 2 has type 'double' [-Wformat=]
   printf("after swapping value of a =%d\n",f1);
                                       ^
..\main.c:84:39: warning: format '%d' expects argument of type 'int', but argument 2 has type 'double' [-Wformat=]
   printf("after swapping value of b =%d\n",f2);
                                       ^
..\main.c:92:11: warning: format '%f' expects argument of type 'float *', but argument 2 has type 'double' [-Wformat=]
   scanf("%f",f1);
           ^
..\main.c:101:39: warning: format '%d' expects argument of type 'int', but argument 2 has type 'double' [-Wformat=]
   printf("after swapping value of a =%d\n",f1);
                                       ^
..\main.c:102:39: warning: format '%d' expects argument of type 'int', but argument 2 has type 'double' [-Wformat=]
   printf("after swapping value of b =%d\n",f2);
                                       ^
gcc -o Homework1.exe main.o 
12:30:45 **** Incremental Build of configuration Debug for project Homework1 ****
Info: Internal Builder is used for build
gcc -O0 -g3 -Wall -c -fmessage-length=0 -o main.o "..\\main.c" 
..\main.c: In function 'main':
..\main.c:83:39: warning: format '%d' expects argument of type 'int', but argument 2 has type 'double' [-Wformat=]
   printf("after swapping value of a =%d\n",f1);
                                       ^
..\main.c:84:39: warning: format '%d' expects argument of type 'int', but argument 2 has type 'double' [-Wformat=]
   printf("after swapping value of b =%d\n",f2);
                                       ^
..\main.c:92:11: warning: format '%f' expects argument of type 'float *', but argument 2 has type 'double' [-Wformat=]
   scanf("%f",f1);
           ^
..\main.c:101:39: warning: format '%d' expects argument of type 'int', but argument 2 has type 'double' [-Wformat=]
   printf("after swapping value of a =%d\n",f1);
                                       ^
..\main.c:102:39: warning: format '%d' expects argument of type 'int', but argument 2 has type 'double' [-Wformat=]
   printf("after swapping value of b =%d\n",f2);
                                       ^
gcc -o Homework1.exe main.o 
Info: Nothing to build for Homework1
Info: Nothing to build for Homework1
Info: Nothing to build for Homework1
Info: Nothing to build for Homework1
Info: Nothing to build for Homework1
Info: Nothing to build for Homework1
Info: Nothing to build for Homework1
12:33:05 **** Incremental Build of configuration Debug for project Homework1 ****
Info: Internal Builder is used for build
gcc -O0 -g3 -Wall -c -fmessage-length=0 -o main.o "..\\main.c" 
..\main.c: In function 'main':
..\main.c:92:11: warning: format '%f' expects argument of type 'float *', but argument 2 has type 'double' [-Wformat=]
   scanf("%f",f1);
           ^
gcc -o Homework1.exe main.o 
Info: Nothing to build for Homework1
Info: Nothing to build for Homework1
12:33:49 **** Incremental Build of configuration Debug for project Homework1 ****
Info: Internal Builder is used for build
gcc -O0 -g3 -Wall -c -fmessage-length=0 -o main.o "..\\main.c" 
gcc -o Homework1.exe main.o 
Info: Nothing to build for Homework1
12:35:23 **** Incremental Build of configuration Debug for project Homework1 ****
Info: Internal Builder is used for build
gcc -O0 -g3 -Wall -c -fmessage-length=0 -o main.o "..\\main.c" 
gcc -o Homework1.exe main.o 
Info: Nothing to build for Homework1
